01/29/2021 11:35:47 AM - INFO - Send mail to wangyb0327@gmail.com successfully!
01/29/2021 11:38:01 AM - INFO - Send email to wangyb0327@gmail.com successfully!
01/29/2021 11:48:40 AM - INFO - Send email to wangyb0327@gmail.com successfully!
01/29/2021 12:35:00 PM - INFO - Start to send email...
01/29/2021 12:35:04 PM - INFO - Send email to wangyb0327@gmail.com successfully!


01/29/2021 13:43:53 PM - ERROR - Parse_template failed!, ReasonResultSet object has no attribute 'text'. You're probably treating a list of elements like a single element. Did you call find_all() when you meant to call find()?
01/29/2021 13:44:19 PM - ERROR - Parse_template failed!, Reason'NoneType' object has no attribute 'text'
01/29/2021 13:46:47 PM - ERROR - Parse_template failed!, Reasoncan't set attribute
01/29/2021 13:48:22 PM - INFO - Start to send email...
01/29/2021 13:48:25 PM - INFO - Send email to wangyb0327@gmail.com successfully!
01/29/2021 13:50:30 PM - INFO - Start to send email...
01/29/2021 13:50:35 PM - INFO - Send email to wangyb0327@gmail.com successfully!
01/29/2021 13:56:51 PM - INFO - Start sending email...
01/29/2021 13:56:56 PM - INFO - Send email to wangyb0327@gmail.com successfully!
01/29/2021 13:58:31 PM - INFO - Start sending email...
01/29/2021 13:58:38 PM - INFO - Send email to wangyb0327@gmail.com successfully!
01/29/2021 13:58:55 PM - INFO - Start sending email...
01/29/2021 13:59:00 PM - INFO - Send email to wangyb0327@gmail.com successfully!
01/29/2021 14:01:20 PM - INFO - Start sending email...
01/29/2021 14:01:26 PM - INFO - Send email to wangyb0327@gmail.com successfully!
01/29/2021 14:04:54 PM - INFO - Start sending email...
01/29/2021 14:04:59 PM - INFO - Send email to wangyb0327@gmail.com successfully!
